<?xml version="1.0" encoding="UTF-8"?>
<!-- Generated by org.testng.reporters.JUnitXMLReporter -->
<testsuite ignored="0" hostname="Vaishnavi" failures="0" tests="2" name="Default test" time="0.15" errors="0" timestamp="2022-05-30T19:04:33 IST">
  <testcase classname="com.application.VerifytheActiTimeHeader" name="@BeforeTest lounchBrowser" time="-1.6539176728E9">
    <failure type="org.testng.TestNGException" message="
Parameter &amp;apos;browser&amp;apos; is required by BeforeTest on method lounchBrowser but has not been marked @Optional or defined
in C:\Users\Hp\AppData\Local\Temp\testng-eclipse--1540059364\testng-customsuite.xml">
      <![CDATA[org.testng.TestNGException: 
Parameter 'browser' is required by BeforeTest on method lounchBrowser but has not been marked @Optional or defined
in C:\Users\Hp\AppData\Local\Temp\testng-eclipse--1540059364\testng-customsuite.xml
at org.testng.internal.Parameters.createParams(Parameters.java:270)
at org.testng.internal.Parameters.createParametersForMethod(Parameters.java:358)
at org.testng.internal.Parameters.createParameters(Parameters.java:700)
at org.testng.internal.Parameters.createConfigurationParameters(Parameters.java:168)
at org.testng.internal.ConfigInvoker.invokeConfigurations(ConfigInvoker.java:302)
at org.testng.TestRunner.invokeTestConfigurations(TestRunner.java:637)
at org.testng.TestRunner.beforeRun(TestRunner.java:627)
at org.testng.TestRunner.run(TestRunner.java:589)
at org.testng.SuiteRunner.runTest(SuiteRunner.java:377)
at org.testng.SuiteRunner.runSequentially(SuiteRunner.java:371)
at org.testng.SuiteRunner.privateRun(SuiteRunner.java:332)
at org.testng.SuiteRunner.run(SuiteRunner.java:276)
at org.testng.SuiteRunnerWorker.runSuite(SuiteRunnerWorker.java:53)
at org.testng.SuiteRunnerWorker.run(SuiteRunnerWorker.java:96)
at org.testng.TestNG.runSuitesSequentially(TestNG.java:1212)
at org.testng.TestNG.runSuitesLocally(TestNG.java:1134)
at org.testng.TestNG.runSuites(TestNG.java:1063)
at org.testng.TestNG.run(TestNG.java:1031)
at org.testng.remote.AbstractRemoteTestNG.run(AbstractRemoteTestNG.java:115)
at org.testng.remote.RemoteTestNG.initAndRun(RemoteTestNG.java:251)
at org.testng.remote.RemoteTestNG.main(RemoteTestNG.java:77)
]]>
    </failure>
  </testcase> <!-- @BeforeTest lounchBrowser -->
  <testcase classname="com.application.VerifytheActiTimeHeader" name="@BeforeClass lounchBrowser" time="-1.653917672853E9">
    <skipped/>
  </testcase> <!-- @BeforeClass lounchBrowser -->
  <testcase classname="com.application.VerifytheActiTimeHeader" name="@BeforeMethod loginToApplication" time="-1.653917672889E9">
    <skipped/>
  </testcase> <!-- @BeforeMethod loginToApplication -->
  <testcase classname="com.application.VerifytheActiTimeHeader" name="@AfterMethod logoutApplication" time="-1.653917672907E9">
    <skipped/>
  </testcase> <!-- @AfterMethod logoutApplication -->
  <testcase classname="com.application.VerifytheActiTimeHeader" name="@BeforeMethod loginToApplication" time="-1.653917672912E9">
    <skipped/>
  </testcase> <!-- @BeforeMethod loginToApplication -->
  <testcase classname="com.application.VerifytheActiTimeHeader" name="@AfterMethod logoutApplication" time="-1.653917672925E9">
    <skipped/>
  </testcase> <!-- @AfterMethod logoutApplication -->
  <testcase classname="com.application.VerifytheActiTimeHeader" name="@AfterClass clearPOMObjects" time="-1.653917672928E9">
    <skipped/>
  </testcase> <!-- @AfterClass clearPOMObjects -->
  <testcase classname="com.application.VerifytheActiTimeHeader" name="@AfterTest closeBrowser" time="-1.653917672937E9">
    <skipped/>
  </testcase> <!-- @AfterTest closeBrowser -->
  <testcase classname="com.application.VerifytheActiTimeHeader" name="verifyRetoprsTab" time="0.0">
    <skipped/>
  </testcase> <!-- verifyRetoprsTab -->
  <testcase classname="com.application.VerifytheActiTimeHeader" name="verifyTasksTab" time="0.0">
    <skipped/>
  </testcase> <!-- verifyTasksTab -->
</testsuite> <!-- Default test -->
