<?xml version="1.0" encoding="UTF-8"?>
<!-- Generated by org.testng.reporters.JUnitXMLReporter -->
<testsuite ignored="0" hostname="Vaishnavi" failures="0" tests="2" name="Chrome Browser" time="14.3" errors="0" timestamp="2022-05-27T20:19:27 IST">
  <testcase classname="com.application.VerifytheActiTimeHeader" name="@BeforeTest lounchBrowser" time="14.158">
    <failure type="org.openqa.selenium.SessionNotCreatedException" message="session not created: This version of ChromeDriver only supports Chrome version 100
Current browser version is 102.0.5005.63 with binary path C:\Program Files\Google\Chrome\Application\chrome.exe
Build info: version: &amp;apos;3.141.59&amp;apos;, revision: &amp;apos;e82be7d358&amp;apos;, time: &amp;apos;2018-11-14T08:17:03&amp;apos;
System info: host: &amp;apos;VAISHNAVI&amp;apos;, ip: &amp;apos;192.168.0.107&amp;apos;, os.name: &amp;apos;Windows 10&amp;apos;, os.arch: &amp;apos;amd64&amp;apos;, os.version: &amp;apos;10.0&amp;apos;, java.version: &amp;apos;17.0.2&amp;apos;
Driver info: driver.version: ChromeDriver
remote stacktrace: Backtrace:
	Ordinal0 [0x009C7413+2389011]
	Ordinal0 [0x00959F61+1941345]
	Ordinal0 [0x0084C658+837208]
	Ordinal0 [0x0086C773+968563]
	Ordinal0 [0x0086837A+951162]
	Ordinal0 [0x00865C51+941137]
	Ordinal0 [0x00898C80+1150080]
	Ordinal0 [0x008988DA+1149146]
	Ordinal0 [0x00893F66+1130342]
	Ordinal0 [0x0086E546+976198]
	Ordinal0 [0x0086F456+980054]
	GetHandleVerifier [0x00B79632+1727522]
	GetHandleVerifier [0x00C2BA4D+2457661]
	GetHandleVerifier [0x00A5EB81+569713]
	GetHandleVerifier [0x00A5DD76+566118]
	Ordinal0 [0x00960B2B+1968939]
	Ordinal0 [0x00965988+1989000]
	Ordinal0 [0x00965A75+1989237]
	Ordinal0 [0x0096ECB1+2026673]
	BaseThreadInitThunk [0x76A5FA29+25]
	RtlGetAppContainerNamedObjectPath [0x77977A7E+286]
	RtlGetAppContainerNamedObjectPath [0x77977A4E+238]
">
      <![CDATA[org.openqa.selenium.SessionNotCreatedException: session not created: This version of ChromeDriver only supports Chrome version 100
Current browser version is 102.0.5005.63 with binary path C:\Program Files\Google\Chrome\Application\chrome.exe
Build info: version: '3.141.59', revision: 'e82be7d358', time: '2018-11-14T08:17:03'
System info: host: 'VAISHNAVI', ip: '192.168.0.107', os.name: 'Windows 10', os.arch: 'amd64', os.version: '10.0', java.version: '17.0.2'
Driver info: driver.version: ChromeDriver
remote stacktrace: Backtrace:
Ordinal0 [0x009C7413+2389011]
Ordinal0 [0x00959F61+1941345]
Ordinal0 [0x0084C658+837208]
Ordinal0 [0x0086C773+968563]
Ordinal0 [0x0086837A+951162]
Ordinal0 [0x00865C51+941137]
Ordinal0 [0x00898C80+1150080]
Ordinal0 [0x008988DA+1149146]
Ordinal0 [0x00893F66+1130342]
Ordinal0 [0x0086E546+976198]
Ordinal0 [0x0086F456+980054]
GetHandleVerifier [0x00B79632+1727522]
GetHandleVerifier [0x00C2BA4D+2457661]
GetHandleVerifier [0x00A5EB81+569713]
GetHandleVerifier [0x00A5DD76+566118]
Ordinal0 [0x00960B2B+1968939]
Ordinal0 [0x00965988+1989000]
Ordinal0 [0x00965A75+1989237]
Ordinal0 [0x0096ECB1+2026673]
BaseThreadInitThunk [0x76A5FA29+25]
RtlGetAppContainerNamedObjectPath [0x77977A7E+286]
RtlGetAppContainerNamedObjectPath [0x77977A4E+238]

at org.openqa.selenium.remote.W3CHandshakeResponse.lambda$errorHandler$0(W3CHandshakeResponse.java:62)
at org.openqa.selenium.remote.HandshakeResponse.lambda$getResponseFunction$0(HandshakeResponse.java:30)
at org.openqa.selenium.remote.ProtocolHandshake.lambda$createSession$0(ProtocolHandshake.java:126)
at java.base/java.util.stream.ReferencePipeline$3$1.accept(ReferencePipeline.java:197)
at java.base/java.util.Spliterators$ArraySpliterator.tryAdvance(Spliterators.java:1002)
at java.base/java.util.stream.ReferencePipeline.forEachWithCancel(ReferencePipeline.java:129)
at java.base/java.util.stream.AbstractPipeline.copyIntoWithCancel(AbstractPipeline.java:527)
at java.base/java.util.stream.AbstractPipeline.copyInto(AbstractPipeline.java:513)
at java.base/java.util.stream.AbstractPipeline.wrapAndCopyInto(AbstractPipeline.java:499)
at java.base/java.util.stream.FindOps$FindOp.evaluateSequential(FindOps.java:150)
at java.base/java.util.stream.AbstractPipeline.evaluate(AbstractPipeline.java:234)
at java.base/java.util.stream.ReferencePipeline.findFirst(ReferencePipeline.java:647)
at org.openqa.selenium.remote.ProtocolHandshake.createSession(ProtocolHandshake.java:128)
at org.openqa.selenium.remote.ProtocolHandshake.createSession(ProtocolHandshake.java:74)
at org.openqa.selenium.remote.HttpCommandExecutor.execute(HttpCommandExecutor.java:136)
at org.openqa.selenium.remote.service.DriverCommandExecutor.execute(DriverCommandExecutor.java:83)
at org.openqa.selenium.remote.RemoteWebDriver.execute(RemoteWebDriver.java:552)
at org.openqa.selenium.remote.RemoteWebDriver.startSession(RemoteWebDriver.java:213)
at org.openqa.selenium.remote.RemoteWebDriver.<init>(RemoteWebDriver.java:131)
at org.openqa.selenium.chrome.ChromeDriver.<init>(ChromeDriver.java:181)
at org.openqa.selenium.chrome.ChromeDriver.<init>(ChromeDriver.java:168)
at org.openqa.selenium.chrome.ChromeDriver.<init>(ChromeDriver.java:123)
at com.browserSetting.BaseClassCrossBrowser.openChromeBrowser(BaseClassCrossBrowser.java:12)
at com.application.VerifytheActiTimeHeader.lounchBrowser(VerifytheActiTimeHeader.java:35)
at java.base/java.util.concurrent.FutureTask.run(FutureTask.java:264)
at java.base/java.util.concurrent.ThreadPoolExecutor.runWorker(ThreadPoolExecutor.java:1136)
at java.base/java.util.concurrent.ThreadPoolExecutor$Worker.run(ThreadPoolExecutor.java:635)
at java.base/java.lang.Thread.run(Thread.java:833)
... Removed 20 stack frames]]>
    </failure>
  </testcase> <!-- @BeforeTest lounchBrowser -->
  <testcase classname="com.application.VerifytheActiTimeHeader" name="@BeforeClass lounchBrowser" time="-1.653662967553E9">
    <skipped/>
  </testcase> <!-- @BeforeClass lounchBrowser -->
  <testcase classname="com.application.VerifytheActiTimeHeader" name="@BeforeMethod loginToApplication" time="-1.653662967574E9">
    <skipped/>
  </testcase> <!-- @BeforeMethod loginToApplication -->
  <testcase classname="com.application.VerifytheActiTimeHeader" name="@AfterMethod logoutApplication" time="-1.65366296759E9">
    <skipped/>
  </testcase> <!-- @AfterMethod logoutApplication -->
  <testcase classname="com.application.VerifytheActiTimeHeader" name="@BeforeMethod loginToApplication" time="-1.653662967596E9">
    <skipped/>
  </testcase> <!-- @BeforeMethod loginToApplication -->
  <testcase classname="com.application.VerifytheActiTimeHeader" name="@AfterMethod logoutApplication" time="-1.653662967607E9">
    <skipped/>
  </testcase> <!-- @AfterMethod logoutApplication -->
  <testcase classname="com.application.VerifytheActiTimeHeader" name="@AfterClass clearPOMObjects" time="-1.65366296761E9">
    <skipped/>
  </testcase> <!-- @AfterClass clearPOMObjects -->
  <testcase classname="com.application.VerifytheActiTimeHeader" name="@AfterTest closeBrowser" time="-1.653662967616E9">
    <skipped/>
  </testcase> <!-- @AfterTest closeBrowser -->
  <testcase classname="com.application.VerifytheActiTimeHeader" name="verifyRetoprsTab" time="0.0">
    <skipped/>
  </testcase> <!-- verifyRetoprsTab -->
  <testcase classname="com.application.VerifytheActiTimeHeader" name="verifyTasksTab" time="0.0">
    <skipped/>
  </testcase> <!-- verifyTasksTab -->
</testsuite> <!-- Chrome Browser -->
